Vivado Simulator 2018.3
Copyright 1986-1999, 2001-2018 Xilinx, Inc. All Rights Reserved.
Running: D:/Xil/Vivado/2018.3/bin/unwrapped/win64.o/xelab.exe -wto 37884418b1d2484bb5ecb5c4ab92adfc --incr --debug typical --relax --mt 2 -L blk_mem_gen_v8_4_2 -L xil_defaultlib -L unisims_ver -L unimacro_ver -L secureip -L xpm --snapshot tb_hdmi_behav xil_defaultlib.tb_hdmi xil_defaultlib.glbl -log elaborate.log 
Using 2 slave threads.
Starting static elaboration
WARNING: [VRFC 10-3091] actual bit length 32 differs from formal bit length 13 for port 'h_size' [D:/SR_projekty/reka/median/median.srcs/sources_1/new/median.v:55]
WARNING: [VRFC 10-3091] actual bit length 13 differs from formal bit length 11 for port 'addra' [D:/SR_projekty/reka/median/median.srcs/sources_1/new/delayLinieBRAM_WP.v:69]
WARNING: [VRFC 10-3091] actual bit length 16 differs from formal bit length 17 for port 'dina' [D:/SR_projekty/reka/median/median.srcs/sources_1/new/delayLinieBRAM_WP.v:70]
WARNING: [VRFC 10-3091] actual bit length 16 differs from formal bit length 17 for port 'douta' [D:/SR_projekty/reka/median/median.srcs/sources_1/new/delayLinieBRAM_WP.v:71]
Completed static elaboration
Starting simulation data flow analysis
Completed simulation data flow analysis
Time Resolution for simulation is 1ps
Compiling module xil_defaultlib.hdmi_in
Compiling module blk_mem_gen_v8_4_2.blk_mem_gen_v8_4_2_output_stage(...
Compiling module blk_mem_gen_v8_4_2.blk_mem_gen_v8_4_2_output_stage(...
Compiling module blk_mem_gen_v8_4_2.blk_mem_gen_v8_4_2_softecc_outpu...
Compiling module blk_mem_gen_v8_4_2.blk_mem_gen_v8_4_2_mem_module(C_...
Compiling module blk_mem_gen_v8_4_2.blk_mem_gen_v8_4_2(C_FAMILY="zyn...
Compiling module xil_defaultlib.delayLineBRAM
Compiling module xil_defaultlib.delayLinieBRAM_WP
Compiling module xil_defaultlib.delay(N=4)
Compiling module xil_defaultlib.multiDelay(N=4)
Compiling module xil_defaultlib.median
Compiling module xil_defaultlib.hdmi_out
Compiling module xil_defaultlib.tb_hdmi
Compiling module xil_defaultlib.glbl
Built simulation snapshot tb_hdmi_behav
