#-----------------------------------------------------------
# Vivado v2018.3 (64-bit)
# SW Build 2405991 on Thu Dec  6 23:38:27 MST 2018
# IP Build 2404404 on Fri Dec  7 01:43:56 MST 2018
# Start of session at: Thu Apr 25 15:57:17 2019
# Process ID: 4372
# Current directory: C:/Users/ilona/Desktop/lab7/detect_weight_center/detect_weight_center.sim/sim_1/behav/xsim
# Command line: vivado.exe -gui_launcher_event rodinguilauncherevent6216 C:\Users\ilona\Desktop\lab7\detect_weight_center\detect_weight_center.sim\sim_1\behav\xsim\tb_hdmi_behav.wdb
# Log file: C:/Users/ilona/Desktop/lab7/detect_weight_center/detect_weight_center.sim/sim_1/behav/xsim/vivado.log
# Journal file: C:/Users/ilona/Desktop/lab7/detect_weight_center/detect_weight_center.sim/sim_1/behav/xsim\vivado.jou
#-----------------------------------------------------------
start_gui
open_wave_database {C:\Users\ilona\Desktop\lab7\detect_weight_center\detect_weight_center.sim\sim_1\behav\xsim\tb_hdmi_behav.wdb}
INFO: [IP_Flow 19-234] Refreshing IP repositories
INFO: [IP_Flow 19-1704] No user IP repositories specified
INFO: [IP_Flow 19-2313] Loaded Vivado IP repository 'C:/Xilinx/Vivado/2018.3/data/ip'.
current_fileset: Time (s): cpu = 00:00:09 ; elapsed = 00:00:20 . Memory (MB): peak = 572.617 ; gain = 66.664
open_wave_database: Time (s): cpu = 00:00:11 ; elapsed = 00:00:27 . Memory (MB): peak = 579.074 ; gain = 73.121
close_sim
INFO: [Simtcl 6-16] Simulation closed
exit
INFO: [Common 17-206] Exiting Vivado at Thu Apr 25 15:59:36 2019...
