
*** Running vivado
    with args -log c_addsub_0.vds -m64 -product Vivado -mode batch -messageDb vivado.pb -notrace -source c_addsub_0.tcl


****** Vivado v2018.3 (64-bit)
  **** SW Build 2405991 on Thu Dec  6 23:38:27 MST 2018
  **** IP Build 2404404 on Fri Dec  7 01:43:56 MST 2018
    ** Copyright 1986-2018 Xilinx, Inc. All Rights Reserved.

source c_addsub_0.tcl -notrace
Command: synth_design -top c_addsub_0 -part xc7z010clg400-1 -mode out_of_context
Starting synth_design
Attempting to get a license for feature 'Synthesis' and/or device 'xc7z010'
INFO: [Common 17-349] Got license for feature 'Synthesis' and/or device 'xc7z010'
INFO: Launching helper process for spawning children vivado processes
INFO: Helper process launched with PID 14972 
---------------------------------------------------------------------------------
Starting RTL Elaboration : Time (s): cpu = 00:00:04 ; elapsed = 00:00:05 . Memory (MB): peak = 410.523 ; gain = 96.164
---------------------------------------------------------------------------------
INFO: [Synth 8-638] synthesizing module 'c_addsub_0' [d:/SR_projekty/ycbcr/ycbcr.srcs/sources_1/ip/c_addsub_0/synth/c_addsub_0.vhd:68]
	Parameter C_VERBOSITY bound to: 0 - type: integer 
	Parameter C_XDEVICEFAMILY bound to: zynq - type: string 
	Parameter C_IMPLEMENTATION bound to: 1 - type: integer 
	Parameter C_A_WIDTH bound to: 9 - type: integer 
	Parameter C_B_WIDTH bound to: 9 - type: integer 
	Parameter C_OUT_WIDTH bound to: 9 - type: integer 
	Parameter C_CE_OVERRIDES_SCLR bound to: 0 - type: integer 
	Parameter C_A_TYPE bound to: 0 - type: integer 
	Parameter C_B_TYPE bound to: 0 - type: integer 
	Parameter C_LATENCY bound to: 2 - type: integer 
	Parameter C_ADD_MODE bound to: 0 - type: integer 
	Parameter C_B_CONSTANT bound to: 0 - type: integer 
	Parameter C_B_VALUE bound to: 000000000 - type: string 
	Parameter C_AINIT_VAL bound to: 0 - type: string 
	Parameter C_SINIT_VAL bound to: 0 - type: string 
	Parameter C_CE_OVERRIDES_BYPASS bound to: 1 - type: integer 
	Parameter C_BYPASS_LOW bound to: 0 - type: integer 
	Parameter C_SCLR_OVERRIDES_SSET bound to: 1 - type: integer 
	Parameter C_HAS_C_IN bound to: 0 - type: integer 
	Parameter C_HAS_C_OUT bound to: 0 - type: integer 
	Parameter C_BORROW_LOW bound to: 1 - type: integer 
	Parameter C_HAS_CE bound to: 0 - type: integer 
	Parameter C_HAS_BYPASS bound to: 0 - type: integer 
	Parameter C_HAS_SCLR bound to: 0 - type: integer 
	Parameter C_HAS_SSET bound to: 0 - type: integer 
	Parameter C_HAS_SINIT bound to: 0 - type: integer 
INFO: [Synth 8-3491] module 'c_addsub_v12_0_12' declared at 'd:/SR_projekty/ycbcr/ycbcr.srcs/sources_1/ip/c_addsub_0/hdl/c_addsub_v12_0_vh_rfs.vhd:7026' bound to instance 'U0' of component 'c_addsub_v12_0_12' [d:/SR_projekty/ycbcr/ycbcr.srcs/sources_1/ip/c_addsub_0/synth/c_addsub_0.vhd:133]
INFO: [Synth 8-256] done synthesizing module 'c_addsub_0' (8#1) [d:/SR_projekty/ycbcr/ycbcr.srcs/sources_1/ip/c_addsub_0/synth/c_addsub_0.vhd:68]
WARNING: [Synth 8-3331] design xbip_dsp48e1_wrapper_v3_0 has unconnected port CEA1
WARNING: [Synth 8-3331] design xbip_dsp48e1_wrapper_v3_0 has unconnected port CEA2
WARNING: [Synth 8-3331] design xbip_dsp48e1_wrapper_v3_0 has unconnected port CEB1
WARNING: [Synth 8-3331] design xbip_dsp48e1_wrapper_v3_0 has unconnected port CEB2
WARNING: [Synth 8-3331] design xbip_dsp48e1_wrapper_v3_0 has unconnected port CEAD
WARNING: [Synth 8-3331] design xbip_dsp48e1_wrapper_v3_0 has unconnected port CED
WARNING: [Synth 8-3331] design xbip_dsp48e1_wrapper_v3_0 has unconnected port CEC
WARNING: [Synth 8-3331] design xbip_dsp48e1_wrapper_v3_0 has unconnected port CECARRYIN
WARNING: [Synth 8-3331] design xbip_dsp48e1_wrapper_v3_0 has unconnected port CECTRL
WARNING: [Synth 8-3331] design xbip_dsp48e1_wrapper_v3_0 has unconnected port CEALUMODE
WARNING: [Synth 8-3331] design xbip_dsp48e1_wrapper_v3_0 has unconnected port CEINMODE
WARNING: [Synth 8-3331] design xbip_dsp48e1_wrapper_v3_0 has unconnected port CEM
WARNING: [Synth 8-3331] design xbip_dsp48e1_wrapper_v3_0 has unconnected port CEP
WARNING: [Synth 8-3331] design xbip_dsp48e1_wrapper_v3_0 has unconnected port SCLRA
WARNING: [Synth 8-3331] design xbip_dsp48e1_wrapper_v3_0 has unconnected port SCLRB
WARNING: [Synth 8-3331] design xbip_dsp48e1_wrapper_v3_0 has unconnected port SCLRC
WARNING: [Synth 8-3331] design xbip_dsp48e1_wrapper_v3_0 has unconnected port SCLRD
WARNING: [Synth 8-3331] design xbip_dsp48e1_wrapper_v3_0 has unconnected port SCLRALLCARRYIN
WARNING: [Synth 8-3331] design xbip_dsp48e1_wrapper_v3_0 has unconnected port SCLRCTRL
WARNING: [Synth 8-3331] design xbip_dsp48e1_wrapper_v3_0 has unconnected port SCLRALUMODE
WARNING: [Synth 8-3331] design xbip_dsp48e1_wrapper_v3_0 has unconnected port SCLRINMODE
WARNING: [Synth 8-3331] design xbip_dsp48e1_wrapper_v3_0 has unconnected port SCLRM
WARNING: [Synth 8-3331] design xbip_dsp48e1_wrapper_v3_0 has unconnected port SCLRP
WARNING: [Synth 8-3331] design xbip_pipe_v3_0_5_viv has unconnected port SCLR
WARNING: [Synth 8-3331] design xbip_pipe_v3_0_5_viv has unconnected port SINIT
WARNING: [Synth 8-3331] design c_addsub_v12_0_12_viv has unconnected port C_IN
WARNING: [Synth 8-3331] design c_addsub_v12_0_12_viv has unconnected port CE
WARNING: [Synth 8-3331] design c_addsub_v12_0_12_viv has unconnected port BYPASS
WARNING: [Synth 8-3331] design c_addsub_v12_0_12_viv has unconnected port SCLR
WARNING: [Synth 8-3331] design c_addsub_v12_0_12_viv has unconnected port SSET
WARNING: [Synth 8-3331] design c_addsub_v12_0_12_viv has unconnected port SINIT
---------------------------------------------------------------------------------
Finished RTL Elaboration : Time (s): cpu = 00:00:11 ; elapsed = 00:00:12 . Memory (MB): peak = 517.590 ; gain = 203.230
---------------------------------------------------------------------------------

Report Check Netlist: 
+------+------------------+-------+---------+-------+------------------+
|      |Item              |Errors |Warnings |Status |Description       |
+------+------------------+-------+---------+-------+------------------+
|1     |multi_driven_nets |      0|        0|Passed |Multi driven nets |
+------+------------------+-------+---------+-------+------------------+
---------------------------------------------------------------------------------
Start Handling Custom Attributes
---------------------------------------------------------------------------------
---------------------------------------------------------------------------------
Finished Handling Custom Attributes : Time (s): cpu = 00:00:11 ; elapsed = 00:00:12 . Memory (MB): peak = 517.590 ; gain = 203.230
---------------------------------------------------------------------------------
---------------------------------------------------------------------------------
Finished RTL Optimization Phase 1 : Time (s): cpu = 00:00:11 ; elapsed = 00:00:12 . Memory (MB): peak = 517.590 ; gain = 203.230
---------------------------------------------------------------------------------
INFO: [Netlist 29-17] Analyzing 1 Unisim elements for replacement
INFO: [Netlist 29-28] Unisim Transformation completed in 0 CPU seconds
INFO: [Device 21-403] Loading part xc7z010clg400-1
INFO: [Project 1-570] Preparing netlist for logic optimization

Processing XDC Constraints
Initializing timing engine
Parsing XDC File [d:/SR_projekty/ycbcr/ycbcr.srcs/sources_1/ip/c_addsub_0/c_addsub_0_ooc.xdc] for cell 'U0'
Finished Parsing XDC File [d:/SR_projekty/ycbcr/ycbcr.srcs/sources_1/ip/c_addsub_0/c_addsub_0_ooc.xdc] for cell 'U0'
Parsing XDC File [D:/SR_projekty/ycbcr/ycbcr.runs/c_addsub_0_synth_1/dont_touch.xdc]
Finished Parsing XDC File [D:/SR_projekty/ycbcr/ycbcr.runs/c_addsub_0_synth_1/dont_touch.xdc]
Completed Processing XDC Constraints

Netlist sorting complete. Time (s): cpu = 00:00:00 ; elapsed = 00:00:00.001 . Memory (MB): peak = 719.574 ; gain = 0.000
INFO: [Project 1-111] Unisim Transformation Summary:
No Unisim elements were transformed.

Netlist sorting complete. Time (s): cpu = 00:00:00 ; elapsed = 00:00:00 . Memory (MB): peak = 719.574 ; gain = 0.000
Constraint Validation Runtime : Time (s): cpu = 00:00:00 ; elapsed = 00:00:00.017 . Memory (MB): peak = 721.078 ; gain = 1.504
---------------------------------------------------------------------------------
Finished Constraint Validation : Time (s): cpu = 00:00:19 ; elapsed = 00:00:21 . Memory (MB): peak = 721.078 ; gain = 406.719
---------------------------------------------------------------------------------
---------------------------------------------------------------------------------
Start Loading Part and Timing Information
---------------------------------------------------------------------------------
Loading part: xc7z010clg400-1
---------------------------------------------------------------------------------
Finished Loading Part and Timing Information : Time (s): cpu = 00:00:19 ; elapsed = 00:00:21 . Memory (MB): peak = 721.078 ; gain = 406.719
---------------------------------------------------------------------------------
---------------------------------------------------------------------------------
Start Applying 'set_property' XDC Constraints
---------------------------------------------------------------------------------
Applied set_property DONT_TOUCH = true for U0. (constraint file  D:/SR_projekty/ycbcr/ycbcr.runs/c_addsub_0_synth_1/dont_touch.xdc, line 9).
---------------------------------------------------------------------------------
Finished applying 'set_property' XDC Constraints : Time (s): cpu = 00:00:19 ; elapsed = 00:00:21 . Memory (MB): peak = 721.078 ; gain = 406.719
---------------------------------------------------------------------------------
---------------------------------------------------------------------------------
Finished RTL Optimization Phase 2 : Time (s): cpu = 00:00:19 ; elapsed = 00:00:21 . Memory (MB): peak = 721.078 ; gain = 406.719
---------------------------------------------------------------------------------

Report RTL Partitions: 
+-+--------------+------------+----------+
| |RTL Partition |Replication |Instances |
+-+--------------+------------+----------+
+-+--------------+------------+----------+
---------------------------------------------------------------------------------
Start RTL Component Statistics 
---------------------------------------------------------------------------------
---------------------------------------------------------------------------------
Finished RTL Component Statistics 
---------------------------------------------------------------------------------
---------------------------------------------------------------------------------
Start RTL Hierarchical Component Statistics 
---------------------------------------------------------------------------------
---------------------------------------------------------------------------------
Finished RTL Hierarchical Component Statistics
---------------------------------------------------------------------------------
---------------------------------------------------------------------------------
Start Part Resource Summary
---------------------------------------------------------------------------------
Part Resources:
DSPs: 80 (col length:40)
BRAMs: 120 (col length: RAMB18 40 RAMB36 20)
---------------------------------------------------------------------------------
Finished Part Resource Summary
---------------------------------------------------------------------------------
---------------------------------------------------------------------------------
Start Cross Boundary and Area Optimization
---------------------------------------------------------------------------------
Warning: Parallel synthesis criteria is not met 
WARNING: [Synth 8-3331] design c_addsub_v12_0_12_viv has unconnected port C_IN
WARNING: [Synth 8-3331] design c_addsub_v12_0_12_viv has unconnected port CE
WARNING: [Synth 8-3331] design c_addsub_v12_0_12_viv has unconnected port BYPASS
WARNING: [Synth 8-3331] design c_addsub_v12_0_12_viv has unconnected port SCLR
WARNING: [Synth 8-3331] design c_addsub_v12_0_12_viv has unconnected port SSET
WARNING: [Synth 8-3331] design c_addsub_v12_0_12_viv has unconnected port SINIT
---------------------------------------------------------------------------------
Finished Cross Boundary and Area Optimization : Time (s): cpu = 00:00:20 ; elapsed = 00:00:22 . Memory (MB): peak = 721.078 ; gain = 406.719
---------------------------------------------------------------------------------

Report RTL Partitions: 
+-+--------------+------------+----------+
| |RTL Partition |Replication |Instances |
+-+--------------+------------+----------+
+-+--------------+------------+----------+
---------------------------------------------------------------------------------
Start Applying XDC Timing Constraints
---------------------------------------------------------------------------------
---------------------------------------------------------------------------------
Finished Applying XDC Timing Constraints : Time (s): cpu = 00:00:34 ; elapsed = 00:00:35 . Memory (MB): peak = 820.684 ; gain = 506.324
---------------------------------------------------------------------------------
---------------------------------------------------------------------------------
Start Timing Optimization
---------------------------------------------------------------------------------
---------------------------------------------------------------------------------
Finished Timing Optimization : Time (s): cpu = 00:00:34 ; elapsed = 00:00:35 . Memory (MB): peak = 820.758 ; gain = 506.398
---------------------------------------------------------------------------------

Report RTL Partitions: 
+-+--------------+------------+----------+
| |RTL Partition |Replication |Instances |
+-+--------------+------------+----------+
+-+--------------+------------+----------+
---------------------------------------------------------------------------------
Start Technology Mapping
---------------------------------------------------------------------------------
---------------------------------------------------------------------------------
Finished Technology Mapping : Time (s): cpu = 00:00:34 ; elapsed = 00:00:35 . Memory (MB): peak = 830.355 ; gain = 515.996
---------------------------------------------------------------------------------

Report RTL Partitions: 
+-+--------------+------------+----------+
| |RTL Partition |Replication |Instances |
+-+--------------+------------+----------+
+-+--------------+------------+----------+
---------------------------------------------------------------------------------
Start IO Insertion
---------------------------------------------------------------------------------
---------------------------------------------------------------------------------
Start Flattening Before IO Insertion
---------------------------------------------------------------------------------
---------------------------------------------------------------------------------
Finished Flattening Before IO Insertion
---------------------------------------------------------------------------------
---------------------------------------------------------------------------------
Start Final Netlist Cleanup
---------------------------------------------------------------------------------
---------------------------------------------------------------------------------
Finished Final Netlist Cleanup
---------------------------------------------------------------------------------
---------------------------------------------------------------------------------
Finished IO Insertion : Time (s): cpu = 00:00:35 ; elapsed = 00:00:37 . Memory (MB): peak = 830.355 ; gain = 515.996
---------------------------------------------------------------------------------

Report Check Netlist: 
+------+------------------+-------+---------+-------+------------------+
|      |Item              |Errors |Warnings |Status |Description       |
+------+------------------+-------+---------+-------+------------------+
|1     |multi_driven_nets |      0|        0|Passed |Multi driven nets |
+------+------------------+-------+---------+-------+------------------+
---------------------------------------------------------------------------------
Start Renaming Generated Instances
---------------------------------------------------------------------------------
---------------------------------------------------------------------------------
Finished Renaming Generated Instances : Time (s): cpu = 00:00:35 ; elapsed = 00:00:37 . Memory (MB): peak = 830.355 ; gain = 515.996
---------------------------------------------------------------------------------

Report RTL Partitions: 
+-+--------------+------------+----------+
| |RTL Partition |Replication |Instances |
+-+--------------+------------+----------+
+-+--------------+------------+----------+
---------------------------------------------------------------------------------
Start Rebuilding User Hierarchy
---------------------------------------------------------------------------------
---------------------------------------------------------------------------------
Finished Rebuilding User Hierarchy : Time (s): cpu = 00:00:35 ; elapsed = 00:00:37 . Memory (MB): peak = 830.355 ; gain = 515.996
---------------------------------------------------------------------------------
---------------------------------------------------------------------------------
Start Renaming Generated Ports
---------------------------------------------------------------------------------
---------------------------------------------------------------------------------
Finished Renaming Generated Ports : Time (s): cpu = 00:00:35 ; elapsed = 00:00:37 . Memory (MB): peak = 830.355 ; gain = 515.996
---------------------------------------------------------------------------------
---------------------------------------------------------------------------------
Start Handling Custom Attributes
---------------------------------------------------------------------------------
---------------------------------------------------------------------------------
Finished Handling Custom Attributes : Time (s): cpu = 00:00:35 ; elapsed = 00:00:37 . Memory (MB): peak = 830.355 ; gain = 515.996
---------------------------------------------------------------------------------
---------------------------------------------------------------------------------
Start Renaming Generated Nets
---------------------------------------------------------------------------------
---------------------------------------------------------------------------------
Finished Renaming Generated Nets : Time (s): cpu = 00:00:35 ; elapsed = 00:00:37 . Memory (MB): peak = 830.355 ; gain = 515.996
---------------------------------------------------------------------------------
---------------------------------------------------------------------------------
Start Writing Synthesis Report
---------------------------------------------------------------------------------

Report BlackBoxes: 
+-+--------------+----------+
| |BlackBox name |Instances |
+-+--------------+----------+
+-+--------------+----------+

Report Cell Usage: 
+------+--------+------+
|      |Cell    |Count |
+------+--------+------+
|1     |DSP48E1 |     1|
|2     |FDRE    |     1|
+------+--------+------+
---------------------------------------------------------------------------------
Finished Writing Synthesis Report : Time (s): cpu = 00:00:35 ; elapsed = 00:00:37 . Memory (MB): peak = 830.355 ; gain = 515.996
---------------------------------------------------------------------------------
Synthesis finished with 0 errors, 0 critical warnings and 6 warnings.
Synthesis Optimization Runtime : Time (s): cpu = 00:00:19 ; elapsed = 00:00:30 . Memory (MB): peak = 830.355 ; gain = 312.508
Synthesis Optimization Complete : Time (s): cpu = 00:00:35 ; elapsed = 00:00:37 . Memory (MB): peak = 830.355 ; gain = 515.996
INFO: [Project 1-571] Translating synthesized netlist
INFO: [Netlist 29-17] Analyzing 1 Unisim elements for replacement
INFO: [Netlist 29-28] Unisim Transformation completed in 0 CPU seconds
INFO: [Project 1-570] Preparing netlist for logic optimization
INFO: [Opt 31-138] Pushed 0 inverter(s) to 0 load pin(s).
Netlist sorting complete. Time (s): cpu = 00:00:00 ; elapsed = 00:00:00 . Memory (MB): peak = 830.355 ; gain = 0.000
INFO: [Project 1-111] Unisim Transformation Summary:
No Unisim elements were transformed.

INFO: [Common 17-83] Releasing license: Synthesis
16 Infos, 37 Warnings, 0 Critical Warnings and 0 Errors encountered.
synth_design completed successfully
synth_design: Time (s): cpu = 00:00:37 ; elapsed = 00:00:39 . Memory (MB): peak = 830.355 ; gain = 526.125
Netlist sorting complete. Time (s): cpu = 00:00:00 ; elapsed = 00:00:00 . Memory (MB): peak = 830.355 ; gain = 0.000
WARNING: [Constraints 18-5210] No constraints selected for write.
Resolution: This message can indicate that there are no constraints for the design, or it can indicate that the used_in flags are set such that the constraints are ignored. This later case is used when running synth_design to not write synthesis constraints to the resulting checkpoint. Instead, project constraints are read when the synthesized design is opened.
INFO: [Common 17-1381] The checkpoint 'D:/SR_projekty/ycbcr/ycbcr.runs/c_addsub_0_synth_1/c_addsub_0.dcp' has been generated.
INFO: [Coretcl 2-1648] Added synthesis output to IP cache for IP c_addsub_0, cache-ID = ba75c2bd8a24bf75
INFO: [Coretcl 2-1174] Renamed 7 cell refs.
Netlist sorting complete. Time (s): cpu = 00:00:00 ; elapsed = 00:00:00 . Memory (MB): peak = 830.355 ; gain = 0.000
WARNING: [Constraints 18-5210] No constraints selected for write.
Resolution: This message can indicate that there are no constraints for the design, or it can indicate that the used_in flags are set such that the constraints are ignored. This later case is used when running synth_design to not write synthesis constraints to the resulting checkpoint. Instead, project constraints are read when the synthesized design is opened.
INFO: [Common 17-1381] The checkpoint 'D:/SR_projekty/ycbcr/ycbcr.runs/c_addsub_0_synth_1/c_addsub_0.dcp' has been generated.
INFO: [runtcl-4] Executing : report_utilization -file c_addsub_0_utilization_synth.rpt -pb c_addsub_0_utilization_synth.pb
INFO: [Common 17-206] Exiting Vivado at Sat Apr 13 11:18:58 2019...
