#-----------------------------------------------------------
# Vivado v2018.3 (64-bit)
# SW Build 2405991 on Thu Dec  6 23:38:27 MST 2018
# IP Build 2404404 on Fri Dec  7 01:43:56 MST 2018
# Start of session at: Sat Jun 15 23:41:23 2019
# Process ID: 17372
# Current directory: D:/SR_projekty/reka/konkatenacja_h_sync
# Command line: vivado.exe -gui_launcher_event rodinguilauncherevent10952 D:\SR_projekty\reka\konkatenacja_h_sync\konkatenacja_h_sync.xpr
# Log file: D:/SR_projekty/reka/konkatenacja_h_sync/vivado.log
# Journal file: D:/SR_projekty/reka/konkatenacja_h_sync\vivado.jou
#-----------------------------------------------------------
start_gui
open_project D:/SR_projekty/reka/konkatenacja_h_sync/konkatenacja_h_sync.xpr
Scanning sources...
Finished scanning sources
INFO: [IP_Flow 19-234] Refreshing IP repositories
INFO: [IP_Flow 19-1700] Loaded user IP repository 'd:/SR_projekty/reka/konkatenacja_h_sync/konkatenacja_h_sync.srcs/sources_1/new'.
INFO: [IP_Flow 19-2313] Loaded Vivado IP repository 'D:/Xil/Vivado/2018.3/data/ip'.
open_project: Time (s): cpu = 00:00:19 ; elapsed = 00:00:07 . Memory (MB): peak = 700.344 ; gain = 77.941
update_compile_order -fileset sources_1
ipx::package_project -root_dir d:/sr_projekty/reka/konkatenacja_h_sync/konkatenacja_h_sync.srcs/sources_1/new -vendor xilinx.com -library user -taxonomy /UserIP -force
INFO: [IP_Flow 19-2181] Payment Required is not set for this core.
INFO: [IP_Flow 19-2187] The Product Guide file is missing.
set_property core_revision 2 [ipx::current_core]
ipx::create_xgui_files [ipx::current_core]
ipx::update_checksums [ipx::current_core]
ipx::save_core [ipx::current_core]
update_ip_catalog -rebuild -repo_path d:/SR_projekty/reka/konkatenacja_h_sync/konkatenacja_h_sync.srcs/sources_1/new
INFO: [IP_Flow 19-725] Reloaded user IP repository 'd:/SR_projekty/reka/konkatenacja_h_sync/konkatenacja_h_sync.srcs/sources_1/new'
ipx::check_integrity -quiet [ipx::current_core]
ipx::archive_core {d:\sr_projekty\reka\konkatenacja_h_sync\konkatenacja_h_sync.srcs\sources_1\new\xilinx.com_user_konkatenacja_v_sync_1.0.zip} [ipx::current_core]
exit
INFO: [Common 17-206] Exiting Vivado at Sat Jun 15 23:43:29 2019...
