#-----------------------------------------------------------
# Vivado v2018.3 (64-bit)
# SW Build 2405991 on Thu Dec  6 23:38:27 MST 2018
# IP Build 2404404 on Fri Dec  7 01:43:56 MST 2018
# Start of session at: Sat May  4 16:34:04 2019
# Process ID: 13636
# Current directory: D:/SR_projekty/reka/v_centroid
# Command line: vivado.exe -gui_launcher_event rodinguilauncherevent6820 D:\SR_projekty\reka\v_centroid\v_centroid.xpr
# Log file: D:/SR_projekty/reka/v_centroid/vivado.log
# Journal file: D:/SR_projekty/reka/v_centroid\vivado.jou
#-----------------------------------------------------------
start_gui
open_project D:/SR_projekty/reka/v_centroid/v_centroid.xpr
Scanning sources...
Finished scanning sources
WARNING: [filemgmt 56-3] IP Repository Path: Could not find the directory 'D:/SR blondynka/lab6/ip_repo/vis_centroid'.
INFO: [IP_Flow 19-234] Refreshing IP repositories
INFO: [IP_Flow 19-1700] Loaded user IP repository 'd:/SR_projekty/reka/v_centroid/v_centroid.srcs'.
WARNING: [IP_Flow 19-2248] Failed to load user IP repository 'd:/SR blondynka/lab6/ip_repo/vis_centroid'; Can't find the specified path.
If this directory should no longer be in your list of user repositories, go to the IP Settings dialog and remove it.
INFO: [IP_Flow 19-2313] Loaded Vivado IP repository 'D:/Xil/Vivado/2018.3/data/ip'.
open_project: Time (s): cpu = 00:00:17 ; elapsed = 00:00:07 . Memory (MB): peak = 714.641 ; gain = 107.297
update_compile_order -fileset sources_1
ipx::open_ipxact_file {d:\sr_projekty\reka\v_centroid\v_centroid.srcs\component.xml}
WARNING: [IP_Flow 19-5226] Project source file 'd:/SR_projekty/reka/v_centroid/v_centroid.srcs/component.xml' ignored by IP packager.
WARNING: [IP_Flow 19-3898] File Group 'xilinx_anylanguagesynthesis (Synthesis)': File 'd:/SR_projekty/reka/v_centroid/v_centroid.srcs/sources_1/imports/new/vis_centroid.v' is not found in the project sources. It will be removed from the packaged IP when the sources are merged. If still required, please add this file to the project and re-package.
WARNING: [IP_Flow 19-3898] File Group 'xilinx_anylanguagebehavioralsimulation (Simulation)': File 'd:/SR_projekty/reka/v_centroid/v_centroid.srcs/sources_1/imports/new/vis_centroid.v' is not found in the project sources. It will be removed from the packaged IP when the sources are merged. If still required, please add this file to the project and re-package.
WARNING: [IP_Flow 19-3898] File Group 'xilinx_testbench (Test Bench)': File 'd:/SR_projekty/reka/v_centroid/v_centroid.srcs/sim_1/imports/sim_1/imports/new/hdmi_in.v' is not found in the project sources. It will be removed from the packaged IP when the sources are merged. If still required, please add this file to the project and re-package.
WARNING: [IP_Flow 19-3898] File Group 'xilinx_testbench (Test Bench)': File 'd:/SR_projekty/reka/v_centroid/v_centroid.srcs/sim_1/imports/sim_1/imports/new/hdmi_out.v' is not found in the project sources. It will be removed from the packaged IP when the sources are merged. If still required, please add this file to the project and re-package.
WARNING: [IP_Flow 19-3898] File Group 'xilinx_testbench (Test Bench)': File 'd:/SR_projekty/reka/v_centroid/v_centroid.srcs/sim_1/imports/sim_1/imports/new/tb_hdmi.v' is not found in the project sources. It will be removed from the packaged IP when the sources are merged. If still required, please add this file to the project and re-package.
ipx::package_project -root_dir d:/sr_projekty/reka/v_centroid/v_centroid.srcs -vendor xilinx.com -library user -taxonomy /UserIP -force
INFO: [IP_Flow 19-5107] Inferred bus interface 'clk' of definition 'xilinx.com:signal:clock:1.0' (from Xilinx Repository).
WARNING: [IP_Flow 19-3153] Bus Interface 'clk': ASSOCIATED_BUSIF bus parameter is missing.
INFO: [IP_Flow 19-2181] Payment Required is not set for this core.
INFO: [IP_Flow 19-2187] The Product Guide file is missing.
set_property core_revision 2 [ipx::current_core]
ipx::create_xgui_files [ipx::current_core]
ipx::update_checksums [ipx::current_core]
ipx::save_core [ipx::current_core]
update_ip_catalog -rebuild -repo_path d:/SR_projekty/reka/v_centroid/v_centroid.srcs
INFO: [IP_Flow 19-725] Reloaded user IP repository 'd:/SR_projekty/reka/v_centroid/v_centroid.srcs'
ipx::check_integrity -quiet [ipx::current_core]
ipx::archive_core {d:\sr_projekty\reka\v_centroid\v_centroid.srcs\xilinx.com_user_vis_centroid_2.0.zip} [ipx::current_core]
exit
INFO: [Common 17-206] Exiting Vivado at Sat May  4 16:52:42 2019...
