#-----------------------------------------------------------
# Vivado v2018.3 (64-bit)
# SW Build 2405991 on Thu Dec  6 23:38:27 MST 2018
# IP Build 2404404 on Fri Dec  7 01:43:56 MST 2018
# Start of session at: Sun May 12 15:30:20 2019
# Process ID: 7664
# Current directory: D:/SR_projekty/reka/v_centroid
# Command line: vivado.exe -gui_launcher_event rodinguilauncherevent9860 D:\SR_projekty\reka\v_centroid\v_centroid.xpr
# Log file: D:/SR_projekty/reka/v_centroid/vivado.log
# Journal file: D:/SR_projekty/reka/v_centroid\vivado.jou
#-----------------------------------------------------------
start_gui
open_project D:/SR_projekty/reka/v_centroid/v_centroid.xpr
Scanning sources...
Finished scanning sources
WARNING: [filemgmt 56-3] IP Repository Path: Could not find the directory 'D:/SR blondynka/lab6/ip_repo/vis_centroid'.
INFO: [IP_Flow 19-234] Refreshing IP repositories
INFO: [IP_Flow 19-1700] Loaded user IP repository 'd:/SR_projekty/reka/v_centroid/v_centroid.srcs'.
WARNING: [IP_Flow 19-2248] Failed to load user IP repository 'd:/SR blondynka/lab6/ip_repo/vis_centroid'; Can't find the specified path.
If this directory should no longer be in your list of user repositories, go to the IP Settings dialog and remove it.
INFO: [IP_Flow 19-2313] Loaded Vivado IP repository 'D:/Xil/Vivado/2018.3/data/ip'.
open_project: Time (s): cpu = 00:00:21 ; elapsed = 00:00:10 . Memory (MB): peak = 733.488 ; gain = 119.500
update_compile_order -fileset sources_1
exit
INFO: [Common 17-206] Exiting Vivado at Sun May 12 15:36:32 2019...
