#-----------------------------------------------------------
# Vivado v2018.3 (64-bit)
# SW Build 2405991 on Thu Dec  6 23:38:27 MST 2018
# IP Build 2404404 on Fri Dec  7 01:43:56 MST 2018
# Start of session at: Sat Jun 15 23:49:05 2019
# Process ID: 16468
# Current directory: D:/SR_projekty/reka/mux_wizyjny_lts
# Command line: vivado.exe -gui_launcher_event rodinguilauncherevent10304 D:\SR_projekty\reka\mux_wizyjny_lts\mux_wizyjny_lts.xpr
# Log file: D:/SR_projekty/reka/mux_wizyjny_lts/vivado.log
# Journal file: D:/SR_projekty/reka/mux_wizyjny_lts\vivado.jou
#-----------------------------------------------------------
start_gui
open_project D:/SR_projekty/reka/mux_wizyjny_lts/mux_wizyjny_lts.xpr
Scanning sources...
Finished scanning sources
INFO: [IP_Flow 19-234] Refreshing IP repositories
INFO: [IP_Flow 19-1700] Loaded user IP repository 'd:/SR_projekty/reka/mux_wizyjny_lts/mux_wizyjny_lts.srcs/sources_1/new'.
INFO: [IP_Flow 19-2313] Loaded Vivado IP repository 'D:/Xil/Vivado/2018.3/data/ip'.
open_project: Time (s): cpu = 00:00:19 ; elapsed = 00:00:08 . Memory (MB): peak = 711.723 ; gain = 107.918
update_compile_order -fileset sources_1
exit
INFO: [Common 17-206] Exiting Vivado at Sat Jun 15 23:50:10 2019...
